Determining if the pthread_create exist failed with the following output:
Change Dir: /home/aras-station2/RaspiTrack/ros_ws/build/CMakeFiles/CMakeTmp

<<<<<<< HEAD
Run Build Command:"/usr/bin/make" "cmTC_133a3/fast"
/usr/bin/make -f CMakeFiles/cmTC_133a3.dir/build.make CMakeFiles/cmTC_133a3.dir/build
make[1]: Entering directory '/home/rouholla/myData/Robotics/projects/RaspiTrack/ros_ws/build/CMakeFiles/CMakeTmp'
Building C object CMakeFiles/cmTC_133a3.dir/CheckSymbolExists.c.o
/usr/bin/cc    -o CMakeFiles/cmTC_133a3.dir/CheckSymbolExists.c.o   -c /home/rouholla/myData/Robotics/projects/RaspiTrack/ros_ws/build/CMakeFiles/CMakeTmp/CheckSymbolExists.c
Linking C executable cmTC_133a3
/usr/bin/cmake -E cmake_link_script CMakeFiles/cmTC_133a3.dir/link.txt --verbose=1
/usr/bin/cc      -rdynamic CMakeFiles/cmTC_133a3.dir/CheckSymbolExists.c.o  -o cmTC_133a3 
CMakeFiles/cmTC_133a3.dir/CheckSymbolExists.c.o: In function `main':
CheckSymbolExists.c:(.text+0x1b): undefined reference to `pthread_create'
collect2: error: ld returned 1 exit status
CMakeFiles/cmTC_133a3.dir/build.make:97: recipe for target 'cmTC_133a3' failed
make[1]: *** [cmTC_133a3] Error 1
make[1]: Leaving directory '/home/rouholla/myData/Robotics/projects/RaspiTrack/ros_ws/build/CMakeFiles/CMakeTmp'
Makefile:126: recipe for target 'cmTC_133a3/fast' failed
make: *** [cmTC_133a3/fast] Error 2
=======
Run Build Command:"/usr/bin/make" "cmTC_5150c/fast"
/usr/bin/make -f CMakeFiles/cmTC_5150c.dir/build.make CMakeFiles/cmTC_5150c.dir/build
make[1]: Entering directory '/home/aras-station2/RaspiTrack/ros_ws/build/CMakeFiles/CMakeTmp'
Building C object CMakeFiles/cmTC_5150c.dir/CheckSymbolExists.c.o
/usr/bin/cc    -o CMakeFiles/cmTC_5150c.dir/CheckSymbolExists.c.o   -c /home/aras-station2/RaspiTrack/ros_ws/build/CMakeFiles/CMakeTmp/CheckSymbolExists.c
Linking C executable cmTC_5150c
/usr/bin/cmake -E cmake_link_script CMakeFiles/cmTC_5150c.dir/link.txt --verbose=1
/usr/bin/cc      -rdynamic CMakeFiles/cmTC_5150c.dir/CheckSymbolExists.c.o  -o cmTC_5150c 
CMakeFiles/cmTC_5150c.dir/CheckSymbolExists.c.o: In function `main':
CheckSymbolExists.c:(.text+0x1b): undefined reference to `pthread_create'
collect2: error: ld returned 1 exit status
CMakeFiles/cmTC_5150c.dir/build.make:97: recipe for target 'cmTC_5150c' failed
make[1]: *** [cmTC_5150c] Error 1
make[1]: Leaving directory '/home/aras-station2/RaspiTrack/ros_ws/build/CMakeFiles/CMakeTmp'
Makefile:126: recipe for target 'cmTC_5150c/fast' failed
make: *** [cmTC_5150c/fast] Error 2
>>>>>>> 8f134edb5f2f2d09e7f88932d006820e259388f7

File /home/aras-station2/RaspiTrack/ros_ws/build/CMakeFiles/CMakeTmp/CheckSymbolExists.c:
/* */
#include <pthread.h>

int main(int argc, char** argv)
{
  (void)argv;
#ifndef pthread_create
  return ((int*)(&pthread_create))[argc];
#else
  (void)argc;
  return 0;
#endif
}

Determining if the function pthread_create exists in the pthreads failed with the following output:
Change Dir: /home/aras-station2/RaspiTrack/ros_ws/build/CMakeFiles/CMakeTmp

<<<<<<< HEAD
Run Build Command:"/usr/bin/make" "cmTC_36b79/fast"
/usr/bin/make -f CMakeFiles/cmTC_36b79.dir/build.make CMakeFiles/cmTC_36b79.dir/build
make[1]: Entering directory '/home/rouholla/myData/Robotics/projects/RaspiTrack/ros_ws/build/CMakeFiles/CMakeTmp'
Building C object CMakeFiles/cmTC_36b79.dir/CheckFunctionExists.c.o
/usr/bin/cc   -DCHECK_FUNCTION_EXISTS=pthread_create   -o CMakeFiles/cmTC_36b79.dir/CheckFunctionExists.c.o   -c /usr/share/cmake-3.10/Modules/CheckFunctionExists.c
Linking C executable cmTC_36b79
/usr/bin/cmake -E cmake_link_script CMakeFiles/cmTC_36b79.dir/link.txt --verbose=1
/usr/bin/cc  -DCHECK_FUNCTION_EXISTS=pthread_create    -rdynamic CMakeFiles/cmTC_36b79.dir/CheckFunctionExists.c.o  -o cmTC_36b79 -lpthreads 
/usr/bin/ld: cannot find -lpthreads
collect2: error: ld returned 1 exit status
CMakeFiles/cmTC_36b79.dir/build.make:97: recipe for target 'cmTC_36b79' failed
make[1]: *** [cmTC_36b79] Error 1
make[1]: Leaving directory '/home/rouholla/myData/Robotics/projects/RaspiTrack/ros_ws/build/CMakeFiles/CMakeTmp'
Makefile:126: recipe for target 'cmTC_36b79/fast' failed
make: *** [cmTC_36b79/fast] Error 2
=======
Run Build Command:"/usr/bin/make" "cmTC_bfd4e/fast"
/usr/bin/make -f CMakeFiles/cmTC_bfd4e.dir/build.make CMakeFiles/cmTC_bfd4e.dir/build
make[1]: Entering directory '/home/aras-station2/RaspiTrack/ros_ws/build/CMakeFiles/CMakeTmp'
Building C object CMakeFiles/cmTC_bfd4e.dir/CheckFunctionExists.c.o
/usr/bin/cc   -DCHECK_FUNCTION_EXISTS=pthread_create   -o CMakeFiles/cmTC_bfd4e.dir/CheckFunctionExists.c.o   -c /usr/share/cmake-3.10/Modules/CheckFunctionExists.c
Linking C executable cmTC_bfd4e
/usr/bin/cmake -E cmake_link_script CMakeFiles/cmTC_bfd4e.dir/link.txt --verbose=1
/usr/bin/cc  -DCHECK_FUNCTION_EXISTS=pthread_create    -rdynamic CMakeFiles/cmTC_bfd4e.dir/CheckFunctionExists.c.o  -o cmTC_bfd4e -lpthreads 
/usr/bin/ld: cannot find -lpthreads
collect2: error: ld returned 1 exit status
CMakeFiles/cmTC_bfd4e.dir/build.make:97: recipe for target 'cmTC_bfd4e' failed
make[1]: *** [cmTC_bfd4e] Error 1
make[1]: Leaving directory '/home/aras-station2/RaspiTrack/ros_ws/build/CMakeFiles/CMakeTmp'
Makefile:126: recipe for target 'cmTC_bfd4e/fast' failed
make: *** [cmTC_bfd4e/fast] Error 2
>>>>>>> 8f134edb5f2f2d09e7f88932d006820e259388f7


